# JRE version: Java(TM) SE Runtime Environment (8.0_91-b15) (build 1.8.0_91-b15)
# Java VM: Java HotSpot(TM) 64-Bit Server VM (25.91-b15 mixed mode windows-amd64 compressed oops)
Heap:
 PSYoungGen      total 145408K, used 113540K [0x00000000ec000000, 0x00000000f7500000, 0x0000000100000000)
  eden space 135680K, 83% used [0x00000000ec000000,0x00000000f2ee11e0,0x00000000f4480000)
  from space 9728K, 0% used [0x00000000f5180000,0x00000000f5180000,0x00000000f5b00000)
  to   space 13312K, 0% used [0x00000000f4480000,0x00000000f4480000,0x00000000f5180000)
 ParOldGen       total 54272K, used 20452K [0x00000000c4000000, 0x00000000c7500000, 0x00000000ec000000)
  object space 54272K, 37% used [0x00000000c4000000,0x00000000c53f9308,0x00000000c7500000)
 Metaspace       used 47160K, capacity 48720K, committed 49112K, reserved 1091584K
  class space    used 6246K, capacity 6535K, committed 6616K, reserved 1048576K
GC Heap History (10 events):
Event: 2.174 GC heap before
{Heap before GC invocations=8 (full 1):
 PSYoungGen      total 67584K, used 3129K [0x00000000ec000000, 0x00000000f4400000, 0x0000000100000000)
  eden space 59904K, 0% used [0x00000000ec000000,0x00000000ec000000,0x00000000efa80000)
  from space 7680K, 40% used [0x00000000efa80000,0x00000000efd8e798,0x00000000f0200000)
  to   space 7680K, 0% used [0x00000000f3c80000,0x00000000f3c80000,0x00000000f4400000)
 ParOldGen       total 40960K, used 9428K [0x00000000c4000000, 0x00000000c6800000, 0x00000000ec000000)
  object space 40960K, 23% used [0x00000000c4000000,0x00000000c49353b0,0x00000000c6800000)
 Metaspace       used 20620K, capacity 21182K, committed 21248K, reserved 1067008K
  class space    used 2635K, capacity 2794K, committed 2816K, reserved 1048576K
Event: 2.244 GC heap after
Heap after GC invocations=8 (full 1):
 PSYoungGen      total 67584K, used 0K [0x00000000ec000000, 0x00000000f4400000, 0x0000000100000000)
  eden space 59904K, 0% used [0x00000000ec000000,0x00000000ec000000,0x00000000efa80000)
  from space 7680K, 0% used [0x00000000efa80000,0x00000000efa80000,0x00000000f0200000)
  to   space 7680K, 0% used [0x00000000f3c80000,0x00000000f3c80000,0x00000000f4400000)
 ParOldGen       total 28672K, used 5400K [0x00000000c4000000, 0x00000000c5c00000, 0x00000000ec000000)
  object space 28672K, 18% used [0x00000000c4000000,0x00000000c45461e0,0x00000000c5c00000)
 Metaspace       used 20620K, capacity 21182K, committed 21248K, reserved 1067008K
  class space    used 2635K, capacity 2794K, committed 2816K, reserved 1048576K
}
Event: 2.969 GC heap before
{Heap before GC invocations=9 (full 1):
 PSYoungGen      total 67584K, used 59904K [0x00000000ec000000, 0x00000000f4400000, 0x0000000100000000)
  eden space 59904K, 100% used [0x00000000ec000000,0x00000000efa80000,0x00000000efa80000)
  from space 7680K, 0% used [0x00000000efa80000,0x00000000efa80000,0x00000000f0200000)
  to   space 7680K, 0% used [0x00000000f3c80000,0x00000000f3c80000,0x00000000f4400000)
 ParOldGen       total 28672K, used 5400K [0x00000000c4000000, 0x00000000c5c00000, 0x00000000ec000000)
  object space 28672K, 18% used [0x00000000c4000000,0x00000000c45461e0,0x00000000c5c00000)
 Metaspace       used 23606K, capacity 24308K, committed 24448K, reserved 1071104K
  class space    used 3000K, capacity 3161K, committed 3200K, reserved 1048576K
Event: 2.998 GC heap after
Heap after GC invocations=9 (full 1):
 PSYoungGen      total 104960K, used 4028K [0x00000000ec000000, 0x00000000f4080000, 0x0000000100000000)
  eden space 100864K, 0% used [0x00000000ec000000,0x00000000ec000000,0x00000000f2280000)
  from space 4096K, 98% used [0x00000000f3c80000,0x00000000f406f3a0,0x00000000f4080000)
  to   space 7168K, 0% used [0x00000000f3280000,0x00000000f3280000,0x00000000f3980000)
 ParOldGen       total 28672K, used 5408K [0x00000000c4000000, 0x00000000c5c00000, 0x00000000ec000000)
  object space 28672K, 18% used [0x00000000c4000000,0x00000000c45481e0,0x00000000c5c00000)
 Metaspace       used 23606K, capacity 24308K, committed 24448K, reserved 1071104K
  class space    used 3000K, capacity 3161K, committed 3200K, reserved 1048576K
}
Event: 4.827 GC heap before
{Heap before GC invocations=10 (full 1):
 PSYoungGen      total 104960K, used 104892K [0x00000000ec000000, 0x00000000f4080000, 0x0000000100000000)
  eden space 100864K, 100% used [0x00000000ec000000,0x00000000f2280000,0x00000000f2280000)
  from space 4096K, 98% used [0x00000000f3c80000,0x00000000f406f3a0,0x00000000f4080000)
  to   space 7168K, 0% used [0x00000000f3280000,0x00000000f3280000,0x00000000f3980000)
 ParOldGen       total 28672K, used 5408K [0x00000000c4000000, 0x00000000c5c00000, 0x00000000ec000000)
  object space 28672K, 18% used [0x00000000c4000000,0x00000000c45481e0,0x00000000c5c00000)
 Metaspace       used 29253K, capacity 30404K, committed 30720K, reserved 1075200K
  class space    used 3765K, capacity 4005K, committed 4096K, reserved 1048576K
Event: 4.851 GC heap after
Heap after GC invocations=10 (full 1):
 PSYoungGen      total 124416K, used 7146K [0x00000000ec000000, 0x00000000f5b00000, 0x0000000100000000)
  eden space 117248K, 0% used [0x00000000ec000000,0x00000000ec000000,0x00000000f3280000)
  from space 7168K, 99% used [0x00000000f3280000,0x00000000f397aa28,0x00000000f3980000)
  to   space 9728K, 0% used [0x00000000f5180000,0x00000000f5180000,0x00000000f5b00000)
 ParOldGen       total 28672K, used 9198K [0x00000000c4000000, 0x00000000c5c00000, 0x00000000ec000000)
  object space 28672K, 32% used [0x00000000c4000000,0x00000000c48fb8c0,0x00000000c5c00000)
 Metaspace       used 29253K, capacity 30404K, committed 30720K, reserved 1075200K
  class space    used 3765K, capacity 4005K, committed 4096K, reserved 1048576K
}
Event: 6.602 GC heap before
{Heap before GC invocations=11 (full 1):
 PSYoungGen      total 124416K, used 105094K [0x00000000ec000000, 0x00000000f5b00000, 0x0000000100000000)
  eden space 117248K, 83% used [0x00000000ec000000,0x00000000f1fa6ed0,0x00000000f3280000)
  from space 7168K, 99% used [0x00000000f3280000,0x00000000f397aa28,0x00000000f3980000)
  to   space 9728K, 0% used [0x00000000f5180000,0x00000000f5180000,0x00000000f5b00000)
 ParOldGen       total 28672K, used 9198K [0x00000000c4000000, 0x00000000c5c00000, 0x00000000ec000000)
  object space 28672K, 32% used [0x00000000c4000000,0x00000000c48fb8c0,0x00000000c5c00000)
 Metaspace       used 33793K, capacity 35320K, committed 35416K, reserved 1079296K
  class space    used 4364K, capacity 4663K, committed 4696K, reserved 1048576K
Event: 6.633 GC heap after
Heap after GC invocations=11 (full 1):
 PSYoungGen      total 145408K, used 9720K [0x00000000ec000000, 0x00000000f7500000, 0x0000000100000000)
  eden space 135680K, 0% used [0x00000000ec000000,0x00000000ec000000,0x00000000f4480000)
  from space 9728K, 99% used [0x00000000f5180000,0x00000000f5afe310,0x00000000f5b00000)
  to   space 13312K, 0% used [0x00000000f4480000,0x00000000f4480000,0x00000000f5180000)
 ParOldGen       total 28672K, used 15342K [0x00000000c4000000, 0x00000000c5c00000, 0x00000000ec000000)
  object space 28672K, 53% used [0x00000000c4000000,0x00000000c4efb960,0x00000000c5c00000)
 Metaspace       used 33793K, capacity 35320K, committed 35416K, reserved 1079296K
  class space    used 4364K, capacity 4663K, committed 4696K, reserved 1048576K
}
Event: 6.633 GC heap before
{Heap before GC invocations=12 (full 2):
 PSYoungGen      total 145408K, used 9720K [0x00000000ec000000, 0x00000000f7500000, 0x0000000100000000)
  eden space 135680K, 0% used [0x00000000ec000000,0x00000000ec000000,0x00000000f4480000)
  from space 9728K, 99% used [0x00000000f5180000,0x00000000f5afe310,0x00000000f5b00000)
  to   space 13312K, 0% used [0x00000000f4480000,0x00000000f4480000,0x00000000f5180000)
 ParOldGen       total 28672K, used 15342K [0x00000000c4000000, 0x00000000c5c00000, 0x00000000ec000000)
  object space 28672K, 53% used [0x00000000c4000000,0x00000000c4efb960,0x00000000c5c00000)
 Metaspace       used 33793K, capacity 35320K, committed 35416K, reserved 1079296K
  class space    used 4364K, capacity 4663K, committed 4696K, reserved 1048576K
Event: 6.767 GC heap after
Heap after GC invocations=12 (full 2):
 PSYoungGen      total 145408K, used 0K [0x00000000ec000000, 0x00000000f7500000, 0x0000000100000000)
  eden space 135680K, 0% used [0x00000000ec000000,0x00000000ec000000,0x00000000f4480000)
  from space 9728K, 0% used [0x00000000f5180000,0x00000000f5180000,0x00000000f5b00000)
  to   space 13312K, 0% used [0x00000000f4480000,0x00000000f4480000,0x00000000f5180000)
 ParOldGen       total 54272K, used 20452K [0x00000000c4000000, 0x00000000c7500000, 0x00000000ec000000)
  object space 54272K, 37% used [0x00000000c4000000,0x00000000c53f9308,0x00000000c7500000)
 Metaspace       used 33793K, capacity 35320K, committed 35416K, reserved 1079296K
  class space    used 4364K, capacity 4663K, committed 4696K, reserved 1048576K
}

